[19:58:11] [ServerMain/INFO]: [bootstrap] Running Java 21 (OpenJDK 64-Bit Server VM 21.0.10+7-alpine-r0; Alpine null) on Linux 6.8.0-1030-azure (amd64)
[19:58:11] [ServerMain/INFO]: [bootstrap] Loading Purpur 1.21.11-2559-HEAD@33b2924 (2026-01-20T21:53:47Z) for Minecraft 1.21.11
[19:58:11] [ServerMain/WARN]: [oshi.software.os.linux.LinuxOperatingSystem] Did not find udev library in operating system. Some features may not work.
[19:58:11] [ServerMain/INFO]: [PluginInitializerManager] Initializing plugins...
[19:58:11] [Paper Plugin Remapper Thread - 2/INFO]: [PluginRemapper] Remapping plugin 'plugins/dragonrace-1.0-SNAPSHOT.jar'...
[19:58:12] [Paper Plugin Remapper Thread - 2/INFO]: [PluginRemapper] Done remapping plugin 'plugins/dragonrace-1.0-SNAPSHOT.jar' in 788ms.
[19:58:12] [ServerMain/INFO]: [PluginInitializerManager] Initialized 2 plugins
[19:58:12] [ServerMain/INFO]: [PluginInitializerManager] Bukkit plugins (2):
 - DragonRace (1.0-SNAPSHOT), playit-gg (0.1.4)
[19:58:17] [ServerMain/INFO]: Environment: Environment[sessionHost=https://sessionserver.mojang.com, servicesHost=https://api.minecraftservices.com, profilesHost=https://api.mojang.com, name=PROD]
[19:58:20] [ServerMain/INFO]: Loaded 1470 recipes
[19:58:20] [ServerMain/INFO]: Loaded 1584 advancements
[19:58:20] [ServerMain/INFO]: [ca.spottedleaf.dataconverter.minecraft.datatypes.MCTypeRegistry] Initialising converters for DataConverter...
[19:58:20] [ServerMain/INFO]: [ca.spottedleaf.dataconverter.minecraft.datatypes.MCTypeRegistry] Finished initialising converters for DataConverter in 535.0ms
[19:58:20] [Server thread/INFO]: Starting minecraft server version 1.21.11
[19:58:20] [Server thread/INFO]: Loading properties
[19:58:20] [Server thread/INFO]: This server is running Purpur version 1.21.11-2559-HEAD@33b2924 (2026-01-20T21:53:47Z) (Implementing API version 1.21.11-R0.1-SNAPSHOT)
[19:58:20] [Server thread/INFO]: [spark] This server bundles the spark profiler. For more information please visit https://docs.papermc.io/paper/profiling
[19:58:21] [Server thread/INFO]: Using 4 threads for Netty based IO
[19:58:21] [Server thread/INFO]: Server Ping Player Sample Count: 12
[19:58:22] [Server thread/INFO]: [MoonriseCommon] Paper is using 1 worker threads, 1 I/O threads
[19:58:22] [Server thread/INFO]: Default game type: SURVIVAL
[19:58:22] [Server thread/INFO]: Generating keypair
[19:58:22] [Server thread/INFO]: Starting Minecraft server on *:25565
[19:58:22] [Server thread/INFO]: Paper: Using libdeflate (Linux x86_64, musl) compression from Velocity.
[19:58:22] [Server thread/INFO]: Paper: Using OpenSSL 3.x.x (Linux x86_64, musl) cipher from Velocity.
[19:58:22] [Server thread/INFO]: [DragonRace] Loading server plugin DragonRace v1.0-SNAPSHOT
[19:58:22] [Server thread/INFO]: [playit-gg] Loading server plugin playit-gg v0.1.4
[19:58:22] [Server thread/INFO]: Server permissions file permissions.yml is empty, ignoring it
[19:58:22] [Server thread/WARN]: **** SERVER IS RUNNING IN OFFLINE/INSECURE MODE!
[19:58:22] [Server thread/WARN]: The server will make no attempt to authenticate usernames. Beware.
[19:58:22] [Server thread/WARN]: While this makes the game possible to play without internet access, it also opens up the ability for hackers to connect with any username they choose.
[19:58:22] [Server thread/WARN]: To change this, set "online-mode" to "true" in the server.properties file.
[19:58:22] [Server thread/INFO]: Preparing level "world"
[19:58:23] [Server thread/INFO]: Loading 0 persistent chunks for world 'minecraft:overworld'...
[19:58:23] [Server thread/INFO]: Preparing spawn area: 100%
[19:58:23] [Server thread/INFO]: Prepared spawn area in 5 ms
[19:58:23] [Server thread/INFO]: Loading 0 persistent chunks for world 'minecraft:the_nether'...
[19:58:23] [Server thread/INFO]: Prepared spawn area in 1 ms
[19:58:23] [Server thread/INFO]: Loading 0 persistent chunks for world 'minecraft:the_end'...
[19:58:23] [Server thread/INFO]: Preparing spawn area: 100%
[19:58:23] [Server thread/INFO]: Prepared spawn area in 3 ms
[19:58:23] [Server thread/INFO]: Done preparing level "world" (0.864s)
[19:58:23] [Server thread/INFO]: [DragonRace] Enabling DragonRace v1.0-SNAPSHOT
[19:58:23] [Server thread/INFO]: [DragonRace] Cleaning up any leftover competition worlds...
[19:58:23] [Server thread/INFO]: [DragonRace] DragonRace Plugin Enabled!
[19:58:23] [Server thread/INFO]: [playit-gg] Enabling playit-gg v0.1.4
[19:58:24] [Thread-5/INFO]: [gg.playit.minecraft.PlayitKeysSetup] secret key found, checking
[19:58:24] [Thread-5/INFO]: [gg.playit.minecraft.PlayitKeysSetup] check secret
[19:58:25] [Server thread/INFO]: [spark] Starting background profiler...
[19:58:25] [Server thread/INFO]: Running delayed init tasks
[19:58:25] [Server thread/INFO]: Done (14.769s)! For help, type "help"
[19:58:25] [Thread-5/INFO]: [gg.playit.minecraft.PlayitKeysSetup] found minecraft java tunnel: sources-mortgage.gl.joinmc.link
[19:58:25] [Thread-5/INFO]: [gg.playit.minecraft.PlayitManager] keys and tunnel setup
[19:58:25] [Thread-5/INFO]: playit.gg: tunnel setup
[19:58:25] [Thread-5/INFO]: playit.gg: sources-mortgage.gl.joinmc.link
[19:58:25] [Thread-5/WARN]: [gg.playit.control.ChannelSetup] Got IO error working with :control.playit.gg/2602:fbaf:848:4:0:0:0:1, error : java.net.SocketException: Network unreachable
[19:58:26] [Thread-5/INFO]: [gg.playit.control.ChannelSetup] request queued, waiting 1 second before resend
[19:59:38] [Thread-5/INFO]: [gg.playit.minecraft.PlayitManager] got new client: NewClient{connectAddr=147.185.221.25:46820, peerAddr=196.130.172.226:50080, claimAddress=209.25.142.2:43783, claimToken=[44, 0, 109, -109, -71, -35, 25, -74, -28, -60, -126, -84, -30, -61, -96, 120, -67, -93, -35, -85, 7, 105, 126, 95, 42, 0, 0, 0, 0, 0, 6, -20, -109, 0, 0, 0, 0, 0, 86, -103, 55, 0, 0, 0, 0, 0, 48, -30, -40, 44, -73, -85, 7, 0, 0, 0, 0, 36, 0, 0, 0, 0, 0, 0, 0, 2, 0, 4, 0, 39, 38, 0, -122, 6, 31, 115, 111, 117, 114, 99, 101, 115, 45, 119, 97, 115, 104, 104, 111, 117, 115, 101, 46, 103, 108, 46, 97, 116, 46, 112, 108, 121, 46, 103, 103, 46, -74, -28, 2, -73, 112, 73, -109, 80, 77, 127, -61, 85, 117, -109, 85, 41, -124, -26, 103], tunnelServerId=2, dataCenterId=36}
[19:59:38] [Thread-5/INFO]: [gg.playit.minecraft.PlayitManager] starting tcp tunnel for client
[19:59:38] [Thread-5/INFO]: [gg.playit.minecraft.PlayitTcpTunnel] start connection to /209.25.142.2:43783 to claim client
[19:59:38] [nioEventLoopGroup-2-1/INFO]: [gg.playit.minecraft.PlayitTcpTunnel] connected to tunnel server, sending claim token
[19:59:38] [nioEventLoopGroup-2-1/INFO]: [gg.playit.minecraft.PlayitTcpTunnel] claim token sent
[19:59:38] [nioEventLoopGroup-2-1/INFO]: [gg.playit.minecraft.PlayitTcpTunnel] connection to tunnel server has been established
[19:59:38] [nioEventLoopGroup-2-1/INFO]: [gg.playit.minecraft.PlayitTcpTunnel] Reflect: ReflectionHelper{ServerConnection=class net.minecraft.server.network.ServerConnectionListener, LegacyPingHandler=class net.minecraft.server.network.LegacyQueryHandler, MinecraftServer=class net.minecraft.server.MinecraftServer, PacketSplitter=class net.minecraft.network.Varint21FrameDecoder, PacketDecoder=class net.minecraft.network.PacketDecoder, EnumProtocolDirection=class net.minecraft.network.protocol.PacketFlow, PacketPrepender=class net.minecraft.network.Varint21LengthFieldPrepender, PacketEncoder=class net.minecraft.network.PacketEncoder, NetworkManagerServer=class net.minecraft.network.RateKickingConnection, NetworkManager=class net.minecraft.network.Connection, HandshakeListener=class net.minecraft.server.network.ServerHandshakePacketListenerImpl, PacketListener=interface net.minecraft.network.PacketListener, CraftServer=class org.bukkit.craftbukkit.CraftServer}
[19:59:38] [nioEventLoopGroup-2-1/INFO]: [gg.playit.minecraft.PlayitTcpTunnel] legacyPingHandler is null
[19:59:38] [nioEventLoopGroup-2-1/INFO]: [gg.playit.minecraft.PlayitTcpTunnel] connecting to minecraft server at localhost/127.0.0.1:25565
[19:59:38] [nioEventLoopGroup-2-2/INFO]: [gg.playit.minecraft.PlayitTcpTunnel] connected to local minecraft server
[19:59:38] [User Authenticator #0/INFO]: UUID of player koomputer is 5d699a31-ec85-3988-8737-00837d4fca6a
[19:59:39] [Thread-5/INFO]: [gg.playit.minecraft.PlayitManager] got new client: NewClient{connectAddr=147.185.221.25:46820, peerAddr=196.130.172.226:50084, claimAddress=209.25.142.2:43783, claimToken=[44, 0, 109, -109, -71, -35, 25, -74, -28, -60, -126, -84, -30, -61, -92, -38, -102, 113, -102, -85, 7, 105, 126, 95, 43, 0, 0, 0, 0, 0, 6, -20, -109, 0, 0, 0, 0, 0, 86, -103, 55, 0, 0, 0, 0, 0, 48, -30, -40, -51, 116, -85, 7, 0, 0, 0, 0, 36, 0, 0, 0, 0, 0, 0, 0, 2, 0, 13, 0, 39, 38, 0, -122, 6, 31, 115, 111, 117, 114, 99, 101, 115, 45, 119, 97, 115, 104, 104, 111, 117, 115, 101, 46, 103, 108, 46, 97, 116, 46, 112, 108, 121, 46, 103, 103, 46, -74, -28, 2, -128, -12, 24, 58, 83, 66, 8, 45, -46, 0, 57, 26, -68, -9, -63, 2], tunnelServerId=2, dataCenterId=36}
[19:59:39] [Thread-5/INFO]: [gg.playit.minecraft.PlayitManager] starting tcp tunnel for client
[19:59:39] [Thread-5/INFO]: [gg.playit.minecraft.PlayitTcpTunnel] start connection to /209.25.142.2:43783 to claim client
[19:59:39] [nioEventLoopGroup-2-3/INFO]: [gg.playit.minecraft.PlayitTcpTunnel] connected to tunnel server, sending claim token
[19:59:39] [nioEventLoopGroup-2-3/INFO]: [gg.playit.minecraft.PlayitTcpTunnel] claim token sent
[19:59:39] [nioEventLoopGroup-2-3/INFO]: [gg.playit.minecraft.PlayitTcpTunnel] connection to tunnel server has been established
[19:59:39] [nioEventLoopGroup-2-3/INFO]: [gg.playit.minecraft.PlayitTcpTunnel] Reflect: ReflectionHelper{ServerConnection=class net.minecraft.server.network.ServerConnectionListener, LegacyPingHandler=class net.minecraft.server.network.LegacyQueryHandler, MinecraftServer=class net.minecraft.server.MinecraftServer, PacketSplitter=class net.minecraft.network.Varint21FrameDecoder, PacketDecoder=class net.minecraft.network.PacketDecoder, EnumProtocolDirection=class net.minecraft.network.protocol.PacketFlow, PacketPrepender=class net.minecraft.network.Varint21LengthFieldPrepender, PacketEncoder=class net.minecraft.network.PacketEncoder, NetworkManagerServer=class net.minecraft.network.RateKickingConnection, NetworkManager=class net.minecraft.network.Connection, HandshakeListener=class net.minecraft.server.network.ServerHandshakePacketListenerImpl, PacketListener=interface net.minecraft.network.PacketListener, CraftServer=class org.bukkit.craftbukkit.CraftServer}
[19:59:39] [nioEventLoopGroup-2-3/INFO]: [gg.playit.minecraft.PlayitTcpTunnel] legacyPingHandler is null
[19:59:39] [nioEventLoopGroup-2-3/INFO]: [gg.playit.minecraft.PlayitTcpTunnel] connecting to minecraft server at localhost/127.0.0.1:25565
[19:59:39] [nioEventLoopGroup-2-4/INFO]: [gg.playit.minecraft.PlayitTcpTunnel] connected to local minecraft server
[19:59:39] [User Authenticator #0/INFO]: UUID of player 4ime is 797ce745-3977-3760-a5b0-31531d176778
[19:59:40] [Server thread/INFO]: koomputer joined the game
[19:59:41] [Server thread/INFO]: koomputer[/127.0.0.1:45264] logged in with entity id 84 at ([world]-8.913608431834074, 70.86997444224052, 9.281878424637764)
[19:59:41] [Server thread/INFO]: 4ime joined the game
[19:59:41] [Server thread/INFO]: 4ime[/127.0.0.1:45274] logged in with entity id 108 at ([world]-1.232710443182506, 69.0, 0.32871002606464617)
[19:59:49] [Server thread/INFO]: koomputer issued server command: /comp
[19:59:58] [Server thread/INFO]: koomputer issued server command: /comp
[20:00:02] [Server thread/INFO]: Villager Villager['Click to Join Race'/354, uuid='1a8aaad7-d99b-4647-ad8b-2c1785bd676b', l='ServerLevel[world]', x=-5.22, y=70.87, z=9.88, cpos=[-1, 0], tl=30, v=true] died, message: 'Click to Join Race was slain by koomputer'
[20:00:02] [Server thread/INFO]: Named entity Villager['Click to Join Race'/354, uuid='1a8aaad7-d99b-4647-ad8b-2c1785bd676b', l='ServerLevel[world]', x=-5.22, y=70.87, z=9.88, cpos=[-1, 0], tl=30, v=true] died: Click to Join Race was slain by koomputer
[20:00:07] [Server thread/INFO]: koomputer issued server command: /comp
[20:00:39] [Server thread/INFO]: Villager Villager['Click to Join Race'/364, uuid='85b2e67f-e845-4996-969d-a451739d15c9', l='ServerLevel[world]', x=-5.22, y=70.87, z=9.88, cpos=[-1, 0], tl=584, v=true] died, message: 'Click to Join Race was slain by koomputer'
[20:00:39] [Server thread/INFO]: Named entity Villager['Click to Join Race'/364, uuid='85b2e67f-e845-4996-969d-a451739d15c9', l='ServerLevel[world]', x=-5.22, y=70.87, z=9.88, cpos=[-1, 0], tl=584, v=true] died: Click to Join Race was slain by koomputer
[20:02:29] [Thread-5/INFO]: [gg.playit.control.ChannelSetup] send keep alive
[20:02:41] [Thread-5/INFO]: [gg.playit.control.ChannelSetup] send keep alive
[20:03:14] [Server thread/INFO]: [4ime: Set own game mode to Survival Mode]
[20:03:17] [Server thread/INFO]: 4ime was slain by koomputer
[20:03:35] [Server thread/INFO]: 4ime was slain by koomputer
[20:05:05] [Server thread/INFO]: 4ime was slain by koomputer
[20:06:02] [Server thread/INFO]: 4ime was slain by koomputer
[20:06:29] [Thread-5/INFO]: [gg.playit.control.ChannelSetup] send keep alive
[20:06:33] [nioEventLoopGroup-2-1/WARN]: [gg.playit.minecraft.PlayitTcpTunnel] failed to send data to tunnel
[20:06:33] [Server thread/INFO]: koomputer lost connection: Disconnected
[20:06:33] [Server thread/INFO]: koomputer left the game
[20:06:35] [nioEventLoopGroup-2-3/WARN]: [gg.playit.minecraft.PlayitTcpTunnel] failed to send data to tunnel
[20:06:35] [Server thread/INFO]: 4ime lost connection: Disconnected
[20:06:35] [Server thread/INFO]: 4ime left the game
[20:06:38] [Server thread/INFO]: Stopping server
[20:06:38] [Server thread/INFO]: [playit-gg] Disabling playit-gg v0.1.4
[20:06:38] [Server thread/INFO]: [DragonRace] Disabling DragonRace v1.0-SNAPSHOT
[20:06:38] [Server thread/INFO]: [DragonRace] DragonRace Plugin Disabled!
[20:06:38] [Server thread/INFO]: Saving players
[20:06:38] [Server thread/INFO]: Saving worlds
[20:06:38] [Server thread/INFO]: Saving chunks for level 'ServerLevel[world]'/minecraft:overworld
[20:06:38] [Server thread/INFO]: [ChunkHolderManager] Waiting 60s for chunk system to halt for world 'world'
[20:06:38] [Server thread/INFO]: [ChunkHolderManager] Halted chunk system for world 'world'
[20:06:38] [Server thread/INFO]: [ChunkHolderManager] Saving all chunkholders for world 'world'
[20:06:38] [Thread-5/INFO]: [gg.playit.minecraft.PlayitManager] control channel shutdown
[20:06:39] [Server thread/INFO]: [ChunkHolderManager] Saved 408 block chunks, 288 entity chunks, 0 poi chunks in world 'world' in 0.56s
[20:06:39] [Server thread/INFO]: [ChunkHolderManager] Waiting 60s for chunk I/O to halt for world 'world'
[20:06:39] [Server thread/INFO]: [ChunkHolderManager] Halted I/O scheduler for world 'world'
[20:06:39] [Server thread/INFO]: Saving chunks for level 'ServerLevel[world_nether]'/minecraft:the_nether
[20:06:39] [Server thread/INFO]: [ChunkHolderManager] Waiting 60s for chunk system to halt for world 'world_nether'
[20:06:39] [Server thread/INFO]: [ChunkHolderManager] Halted chunk system for world 'world_nether'
[20:06:39] [Server thread/INFO]: [ChunkHolderManager] Saving all chunkholders for world 'world_nether'
[20:06:39] [Server thread/INFO]: [ChunkHolderManager] Saved 0 block chunks, 0 entity chunks, 0 poi chunks in world 'world_nether' in 0.00s
[20:06:39] [Server thread/INFO]: [ChunkHolderManager] Waiting 60s for chunk I/O to halt for world 'world_nether'
[20:06:39] [Server thread/INFO]: [ChunkHolderManager] Halted I/O scheduler for world 'world_nether'
[20:06:39] [Server thread/INFO]: Saving chunks for level 'ServerLevel[world_the_end]'/minecraft:the_end
[20:06:39] [Server thread/INFO]: [ChunkHolderManager] Waiting 60s for chunk system to halt for world 'world_the_end'
[20:06:39] [Server thread/INFO]: [ChunkHolderManager] Halted chunk system for world 'world_the_end'
[20:06:39] [Server thread/INFO]: [ChunkHolderManager] Saving all chunkholders for world 'world_the_end'
[20:06:39] [Server thread/INFO]: [ChunkHolderManager] Saved 0 block chunks, 0 entity chunks, 0 poi chunks in world 'world_the_end' in 0.00s
[20:06:39] [Server thread/INFO]: [ChunkHolderManager] Waiting 60s for chunk I/O to halt for world 'world_the_end'
[20:06:39] [Server thread/INFO]: [ChunkHolderManager] Halted I/O scheduler for world 'world_the_end'
[20:06:39] [Server thread/INFO]: ThreadedAnvilChunkStorage (world): All chunks are saved
[20:06:39] [Server thread/INFO]: ThreadedAnvilChunkStorage (DIM-1): All chunks are saved
[20:06:39] [Server thread/INFO]: ThreadedAnvilChunkStorage (DIM1): All chunks are saved
[20:06:39] [Server thread/INFO]: ThreadedAnvilChunkStorage: All dimensions are saved
[20:06:39] [Server thread/INFO]: Waiting for all RegionFile I/O tasks to complete...
[20:06:39] [Server thread/INFO]: All RegionFile I/O tasks to complete
[20:06:39] [Server thread/INFO]: [MoonriseCommon] Awaiting termination of worker pool for up to 60s...
[20:06:39] [Server thread/INFO]: [MoonriseCommon] Awaiting termination of I/O pool for up to 60s...
